#
# There is insufficient memory for the Java Runtime Environment to continue.
# Native memory allocation (mmap) failed to map 32212254720 bytes for committing reserved memory.
# Possible reasons:
#   The system is out of physical RAM or swap space
#   The process is running with CompressedOops enabled, and the Java Heap may be blocking the growth of the native heap
# Possible solutions:
#   Reduce memory load on the system
#   Increase physical memory or swap space
#   Check if swap backing store is full
#   Decrease Java heap size (-Xmx/-Xms)
#   Decrease number of Java threads
#   Decrease Java thread stack sizes (-Xss)
#   Set larger code cache with -XX:ReservedCodeCacheSize=
#   JVM is running with Zero Based Compressed Oops mode in which the Java heap is
#     placed in the first 32GB address space. The Java Heap base address is the
#     maximum limit for the native heap growth. Please use -XX:HeapBaseMinAddress
#     to set the Java Heap base and to place the Java Heap above 32GB virtual address.
# This output file may be truncated or incomplete.
#
#  Out of Memory Error (os_linux.cpp:2980), pid=53225, tid=53226
#
# JRE version:  (15.0.3+3) (build )
# Java VM: OpenJDK 64-Bit Server VM (15.0.3+3-Ubuntu-1, mixed mode, sharing, tiered, compressed oops, g1 gc, linux-amd64)
# Core dump will be written. Default location: Core dumps may be processed with "/usr/share/apport/apport %p %s %c %d %P %E" (or dumping to /home/sakib/Desktop/Research/IMS/core.53225)
#

---------------  S U M M A R Y ------------

Command Line: -Xmx30G -Xms30G sg.edu.nus.comp.nlp.ims.implement.CTester -ptm /home/sakib/Desktop/Research/IMS/lib/tag.bin.gz -tagdict /home/sakib/Desktop/Research/IMS/lib/tagdict.txt -ssm /home/sakib/Desktop/Research/IMS/lib/EnglishSD.bin.gz -prop /home/sakib/Desktop/Research/IMS/lib/prop.xml -r sg.edu.nus.comp.nlp.ims.io.CResultWriter renew_senseval2_data.xml Models/ Models/ SE2/ -f sg.edu.nus.comp.nlp.ims.feature.CFeatureExtractorCombination

Host: AMD Ryzen 7 5800H with Radeon Graphics, 16 cores, 15G, Ubuntu 21.04
Time: Wed Jul 14 17:51:47 2021 MDT elapsed time: 0.038933 seconds (0d 0h 0m 0s)

---------------  T H R E A D  ---------------

Current thread (0x00007fd4c40165b0):  JavaThread "Unknown thread" [_thread_in_vm, id=53226, stack(0x00007fd4c960d000,0x00007fd4c970e000)]

Stack: [0x00007fd4c960d000,0x00007fd4c970e000]

---------------  P R O C E S S  ---------------

Threads class SMR info:
_java_thread_list=0x00007fd4caa5f2c0, length=0, elements={
}

Java Threads: ( => current thread )

Other Threads:
  0x00007fd4c405c780 GCTaskThread "GC Thread#0" [stack: 0x00007fd4c841e000,0x00007fd4c851e000] [id=53227]
  0x00007fd4c406d120 ConcurrentGCThread "G1 Main Marker" [stack: 0x00007fd4c831c000,0x00007fd4c841c000] [id=53228]
  0x00007fd4c406e3b0 ConcurrentGCThread "G1 Conc#0" [stack: 0x00007fd4c821a000,0x00007fd4c831a000] [id=53229]

[error occurred during error reporting (printing all threads), id 0xb, SIGSEGV (0xb) at pc=0x00007fd4c9f9c7c2]

VM state: not at safepoint (not fully initialized)

VM Mutex/Monitor currently owned by a thread:  ([mutex/lock_event])
[0x00007fd4c40135d0] Heap_lock - owner thread: 0x00007fd4c40165b0

Heap address: 0x0000000080000000, size: 30720 MB, Compressed Oops mode: Zero based, Oop shift amount: 3
CDS archive(s) mapped at: [0x0000000000000000-0x0000000000000000-0x0000000000000000), size 0, SharedBaseAddress: 0x0000000800000000, ArchiveRelocationMode: 0.
Narrow klass base: 0x0000000000000000, Narrow klass shift: 0, Narrow klass range: 0x0

Heap:
 garbage-first heap   total 31457280K, used 0K [0x0000000080000000, 0x0000000800000000)
  region size 16384K, 0 young (0K), 0 survivors (0K)
 Metaspace       used 0K, capacity 0K, committed 0K, reserved 0K
  class space    used 0K, capacity 0K, committed 0K, reserved 0K

Heap Regions: E=young(eden), S=young(survivor), O=old, HS=humongous(starts), HC=humongous(continues), CS=collection set, F=free, OA=open archive, CA=closed archive, TAMS=top-at-mark-start (previous, next)

Card table byte_map: [0x00007fd4a5182000,0x00007fd4a8d82000] _byte_map_base: 0x00007fd4a4d82000

Marking Bits (Prev, Next): (CMBitMap*) 0x00007fd4c405d520, (CMBitMap*) 0x00007fd4c405d560
 Prev Bits: [0x00007fd483582000, 0x00007fd4a1582000)
 Next Bits: [0x00007fd465582000, 0x00007fd483582000)

GC Heap History (0 events):
No events

Deoptimization events (0 events):
No events

Classes unloaded (0 events):
No events

Classes redefined (0 events):
No events

Internal exceptions (0 events):
No events

Events (3 events):
Event: 0.001 Protecting memory [0x00007fd4c960d000,0x00007fd4c9611000] with protection modes 0
Event: 0.001 Loaded shared library /usr/lib/jvm/java-15-openjdk-amd64/lib/libjava.so
Event: 0.001 Loaded shared library /usr/lib/jvm/java-15-openjdk-amd64/lib/libzip.so


Dynamic libraries:
560dbf2a0000-560dbf2a1000 r--p 00000000 103:07 2627116                   /usr/lib/jvm/java-15-openjdk-amd64/bin/java
560dbf2a1000-560dbf2a2000 r-xp 00001000 103:07 2627116                   /usr/lib/jvm/java-15-openjdk-amd64/bin/java
560dbf2a2000-560dbf2a3000 r--p 00002000 103:07 2627116                   /usr/lib/jvm/java-15-openjdk-amd64/bin/java
560dbf2a3000-560dbf2a4000 r--p 00002000 103:07 2627116                   /usr/lib/jvm/java-15-openjdk-amd64/bin/java
560dbf2a4000-560dbf2a5000 rw-p 00003000 103:07 2627116                   /usr/lib/jvm/java-15-openjdk-amd64/bin/java
560dc04f1000-560dc0512000 rw-p 00000000 00:00 0                          [heap]
7fd456000000-7fd458000000 rw-p 00000000 00:00 0 
7fd458000000-7fd458021000 rw-p 00000000 00:00 0 
7fd458021000-7fd45c000000 ---p 00000000 00:00 0 
7fd45c000000-7fd45c021000 rw-p 00000000 00:00 0 
7fd45c021000-7fd460000000 ---p 00000000 00:00 0 
7fd460000000-7fd460021000 rw-p 00000000 00:00 0 
7fd460021000-7fd464000000 ---p 00000000 00:00 0 
7fd464a77000-7fd465582000 rw-p 00000000 00:00 0 
7fd465582000-7fd4ac982000 ---p 00000000 00:00 0 
7fd4ac982000-7fd4acbf2000 rwxp 00000000 00:00 0 
7fd4acbf2000-7fd4ad0c3000 ---p 00000000 00:00 0 
7fd4ad0c3000-7fd4ad333000 rwxp 00000000 00:00 0 
7fd4ad333000-7fd4b4522000 ---p 00000000 00:00 0 
7fd4b4522000-7fd4b4792000 rwxp 00000000 00:00 0 
7fd4b4792000-7fd4bb982000 ---p 00000000 00:00 0 
7fd4bb982000-7fd4c4000000 r--s 00000000 103:07 2627195                   /usr/lib/jvm/java-15-openjdk-amd64/lib/modules
7fd4c4000000-7fd4c40a9000 rw-p 00000000 00:00 0 
7fd4c40a9000-7fd4c8000000 ---p 00000000 00:00 0 
7fd4c8016000-7fd4c8218000 rw-p 00000000 00:00 0 
7fd4c8218000-7fd4c8219000 ---p 00000000 00:00 0 
7fd4c8219000-7fd4c831a000 rw-p 00000000 00:00 0 
7fd4c831a000-7fd4c831b000 ---p 00000000 00:00 0 
7fd4c831b000-7fd4c841c000 rw-p 00000000 00:00 0 
7fd4c841c000-7fd4c841d000 ---p 00000000 00:00 0 
7fd4c841d000-7fd4c93d9000 rw-p 00000000 00:00 0 
7fd4c93d9000-7fd4c94bd000 ---p 00000000 00:00 0 
7fd4c94bd000-7fd4c94c2000 rw-p 00000000 00:00 0 
7fd4c94c2000-7fd4c95a6000 ---p 00000000 00:00 0 
7fd4c95a6000-7fd4c95ab000 rw-p 00000000 00:00 0 
7fd4c95ab000-7fd4c95b5000 ---p 00000000 00:00 0 
7fd4c95b5000-7fd4c95b7000 r--p 00000000 103:07 2627194                   /usr/lib/jvm/java-15-openjdk-amd64/lib/libzip.so
7fd4c95b7000-7fd4c95bb000 r-xp 00002000 103:07 2627194                   /usr/lib/jvm/java-15-openjdk-amd64/lib/libzip.so
7fd4c95bb000-7fd4c95bd000 r--p 00006000 103:07 2627194                   /usr/lib/jvm/java-15-openjdk-amd64/lib/libzip.so
7fd4c95bd000-7fd4c95be000 r--p 00007000 103:07 2627194                   /usr/lib/jvm/java-15-openjdk-amd64/lib/libzip.so
7fd4c95be000-7fd4c95bf000 rw-p 00008000 103:07 2627194                   /usr/lib/jvm/java-15-openjdk-amd64/lib/libzip.so
7fd4c95bf000-7fd4c95cc000 r--p 00000000 103:07 2627173                   /usr/lib/jvm/java-15-openjdk-amd64/lib/libjava.so
7fd4c95cc000-7fd4c95de000 r-xp 0000d000 103:07 2627173                   /usr/lib/jvm/java-15-openjdk-amd64/lib/libjava.so
7fd4c95de000-7fd4c95e4000 r--p 0001f000 103:07 2627173                   /usr/lib/jvm/java-15-openjdk-amd64/lib/libjava.so
7fd4c95e4000-7fd4c95e5000 ---p 00025000 103:07 2627173                   /usr/lib/jvm/java-15-openjdk-amd64/lib/libjava.so
7fd4c95e5000-7fd4c95e6000 r--p 00025000 103:07 2627173                   /usr/lib/jvm/java-15-openjdk-amd64/lib/libjava.so
7fd4c95e6000-7fd4c95e7000 rw-p 00026000 103:07 2627173                   /usr/lib/jvm/java-15-openjdk-amd64/lib/libjava.so
7fd4c95e7000-7fd4c95e8000 rw-p 00000000 00:00 0 
7fd4c95e8000-7fd4c95eb000 r--p 00000000 103:07 6038326                   /usr/lib/x86_64-linux-gnu/libnss_files-2.33.so
7fd4c95eb000-7fd4c95f3000 r-xp 00003000 103:07 6038326                   /usr/lib/x86_64-linux-gnu/libnss_files-2.33.so
7fd4c95f3000-7fd4c95f5000 r--p 0000b000 103:07 6038326                   /usr/lib/x86_64-linux-gnu/libnss_files-2.33.so
7fd4c95f5000-7fd4c95f6000 r--p 0000c000 103:07 6038326                   /usr/lib/x86_64-linux-gnu/libnss_files-2.33.so
7fd4c95f6000-7fd4c95f7000 rw-p 0000d000 103:07 6038326                   /usr/lib/x86_64-linux-gnu/libnss_files-2.33.so
7fd4c95f7000-7fd4c95fd000 rw-p 00000000 00:00 0 
7fd4c9605000-7fd4c960d000 rw-s 00000000 103:07 2359302                   /tmp/hsperfdata_sakib/53225
7fd4c960d000-7fd4c9611000 ---p 00000000 00:00 0 
7fd4c9611000-7fd4c970e000 rw-p 00000000 00:00 0 
7fd4c970e000-7fd4c9711000 r--p 00000000 103:07 6030153                   /usr/lib/x86_64-linux-gnu/libgcc_s.so.1
7fd4c9711000-7fd4c9723000 r-xp 00003000 103:07 6030153                   /usr/lib/x86_64-linux-gnu/libgcc_s.so.1
7fd4c9723000-7fd4c9726000 r--p 00015000 103:07 6030153                   /usr/lib/x86_64-linux-gnu/libgcc_s.so.1
7fd4c9726000-7fd4c9727000 ---p 00018000 103:07 6030153                   /usr/lib/x86_64-linux-gnu/libgcc_s.so.1
7fd4c9727000-7fd4c9728000 r--p 00018000 103:07 6030153                   /usr/lib/x86_64-linux-gnu/libgcc_s.so.1
7fd4c9728000-7fd4c9729000 rw-p 00019000 103:07 6030153                   /usr/lib/x86_64-linux-gnu/libgcc_s.so.1
7fd4c9729000-7fd4c9738000 r--p 00000000 103:07 6038199                   /usr/lib/x86_64-linux-gnu/libm-2.33.so
7fd4c9738000-7fd4c97de000 r-xp 0000f000 103:07 6038199                   /usr/lib/x86_64-linux-gnu/libm-2.33.so
7fd4c97de000-7fd4c9875000 r--p 000b5000 103:07 6038199                   /usr/lib/x86_64-linux-gnu/libm-2.33.so
7fd4c9875000-7fd4c9876000 r--p 0014b000 103:07 6038199                   /usr/lib/x86_64-linux-gnu/libm-2.33.so
7fd4c9876000-7fd4c9877000 rw-p 0014c000 103:07 6038199                   /usr/lib/x86_64-linux-gnu/libm-2.33.so
7fd4c9877000-7fd4c9910000 r--p 00000000 103:07 6030441                   /usr/lib/x86_64-linux-gnu/libstdc++.so.6.0.29
7fd4c9910000-7fd4c9a13000 r-xp 00099000 103:07 6030441                   /usr/lib/x86_64-linux-gnu/libstdc++.so.6.0.29
7fd4c9a13000-7fd4c9a7f000 r--p 0019c000 103:07 6030441                   /usr/lib/x86_64-linux-gnu/libstdc++.so.6.0.29
7fd4c9a7f000-7fd4c9a8a000 r--p 00207000 103:07 6030441                   /usr/lib/x86_64-linux-gnu/libstdc++.so.6.0.29
7fd4c9a8a000-7fd4c9a8d000 rw-p 00212000 103:07 6030441                   /usr/lib/x86_64-linux-gnu/libstdc++.so.6.0.29
7fd4c9a8d000-7fd4c9a90000 rw-p 00000000 00:00 0 
7fd4c9a90000-7fd4c9c87000 r--p 00000000 103:07 2888896                   /usr/lib/jvm/java-15-openjdk-amd64/lib/server/libjvm.so
7fd4c9c87000-7fd4ca773000 r-xp 001f7000 103:07 2888896                   /usr/lib/jvm/java-15-openjdk-amd64/lib/server/libjvm.so
7fd4ca773000-7fd4ca973000 r--p 00ce3000 103:07 2888896                   /usr/lib/jvm/java-15-openjdk-amd64/lib/server/libjvm.so
7fd4ca973000-7fd4caa0f000 r--p 00ee2000 103:07 2888896                   /usr/lib/jvm/java-15-openjdk-amd64/lib/server/libjvm.so
7fd4caa0f000-7fd4caa40000 rw-p 00f7e000 103:07 2888896                   /usr/lib/jvm/java-15-openjdk-amd64/lib/server/libjvm.so
7fd4caa40000-7fd4caaca000 rw-p 00000000 00:00 0 
7fd4caaca000-7fd4caad1000 r--p 00000000 103:07 6038470                   /usr/lib/x86_64-linux-gnu/libpthread-2.33.so
7fd4caad1000-7fd4caae1000 r-xp 00007000 103:07 6038470                   /usr/lib/x86_64-linux-gnu/libpthread-2.33.so
7fd4caae1000-7fd4caae6000 r--p 00017000 103:07 6038470                   /usr/lib/x86_64-linux-gnu/libpthread-2.33.so
7fd4caae6000-7fd4caae7000 r--p 0001b000 103:07 6038470                   /usr/lib/x86_64-linux-gnu/libpthread-2.33.so
7fd4caae7000-7fd4caae8000 rw-p 0001c000 103:07 6038470                   /usr/lib/x86_64-linux-gnu/libpthread-2.33.so
7fd4caae8000-7fd4caaec000 rw-p 00000000 00:00 0 
7fd4caaec000-7fd4caaee000 r--p 00000000 103:07 6037682                   /usr/lib/x86_64-linux-gnu/libdl-2.33.so
7fd4caaee000-7fd4caaf0000 r-xp 00002000 103:07 6037682                   /usr/lib/x86_64-linux-gnu/libdl-2.33.so
7fd4caaf0000-7fd4caaf1000 r--p 00004000 103:07 6037682                   /usr/lib/x86_64-linux-gnu/libdl-2.33.so
7fd4caaf1000-7fd4caaf2000 r--p 00004000 103:07 6037682                   /usr/lib/x86_64-linux-gnu/libdl-2.33.so
7fd4caaf2000-7fd4caaf3000 rw-p 00005000 103:07 6037682                   /usr/lib/x86_64-linux-gnu/libdl-2.33.so
7fd4caaf3000-7fd4caaf5000 r--p 00000000 103:07 6038915                   /usr/lib/x86_64-linux-gnu/libz.so.1.2.11
7fd4caaf5000-7fd4cab06000 r-xp 00002000 103:07 6038915                   /usr/lib/x86_64-linux-gnu/libz.so.1.2.11
7fd4cab06000-7fd4cab0c000 r--p 00013000 103:07 6038915                   /usr/lib/x86_64-linux-gnu/libz.so.1.2.11
7fd4cab0c000-7fd4cab0d000 ---p 00019000 103:07 6038915                   /usr/lib/x86_64-linux-gnu/libz.so.1.2.11
7fd4cab0d000-7fd4cab0e000 r--p 00019000 103:07 6038915                   /usr/lib/x86_64-linux-gnu/libz.so.1.2.11
7fd4cab0e000-7fd4cab0f000 rw-p 0001a000 103:07 6038915                   /usr/lib/x86_64-linux-gnu/libz.so.1.2.11
7fd4cab0f000-7fd4cab35000 r--p 00000000 103:07 6037538                   /usr/lib/x86_64-linux-gnu/libc-2.33.so
7fd4cab35000-7fd4caca0000 r-xp 00026000 103:07 6037538                   /usr/lib/x86_64-linux-gnu/libc-2.33.so
7fd4caca0000-7fd4cacec000 r--p 00191000 103:07 6037538                   /usr/lib/x86_64-linux-gnu/libc-2.33.so
7fd4cacec000-7fd4cacef000 r--p 001dc000 103:07 6037538                   /usr/lib/x86_64-linux-gnu/libc-2.33.so
7fd4cacef000-7fd4cacf2000 rw-p 001df000 103:07 6037538                   /usr/lib/x86_64-linux-gnu/libc-2.33.so
7fd4cacf2000-7fd4cacfb000 rw-p 00000000 00:00 0 
7fd4cacff000-7fd4cad01000 r--s 0000c000 103:07 525402                    /usr/share/java/java-atk-wrapper.jar
7fd4cad01000-7fd4cad02000 ---p 00000000 00:00 0 
7fd4cad02000-7fd4cad03000 r--p 00000000 00:00 0 
7fd4cad03000-7fd4cad04000 ---p 00000000 00:00 0 
7fd4cad04000-7fd4cad06000 r--p 00000000 103:07 2627177                   /usr/lib/jvm/java-15-openjdk-amd64/lib/libjimage.so
7fd4cad06000-7fd4cad08000 r-xp 00002000 103:07 2627177                   /usr/lib/jvm/java-15-openjdk-amd64/lib/libjimage.so
7fd4cad08000-7fd4cad09000 r--p 00004000 103:07 2627177                   /usr/lib/jvm/java-15-openjdk-amd64/lib/libjimage.so
7fd4cad09000-7fd4cad0a000 r--p 00004000 103:07 2627177                   /usr/lib/jvm/java-15-openjdk-amd64/lib/libjimage.so
7fd4cad0a000-7fd4cad0b000 rw-p 00005000 103:07 2627177                   /usr/lib/jvm/java-15-openjdk-amd64/lib/libjimage.so
7fd4cad0b000-7fd4cad0e000 r--p 00000000 103:07 2627178                   /usr/lib/jvm/java-15-openjdk-amd64/lib/libjli.so
7fd4cad0e000-7fd4cad18000 r-xp 00003000 103:07 2627178                   /usr/lib/jvm/java-15-openjdk-amd64/lib/libjli.so
7fd4cad18000-7fd4cad1b000 r--p 0000d000 103:07 2627178                   /usr/lib/jvm/java-15-openjdk-amd64/lib/libjli.so
7fd4cad1b000-7fd4cad1c000 r--p 0000f000 103:07 2627178                   /usr/lib/jvm/java-15-openjdk-amd64/lib/libjli.so
7fd4cad1c000-7fd4cad1d000 rw-p 00010000 103:07 2627178                   /usr/lib/jvm/java-15-openjdk-amd64/lib/libjli.so
7fd4cad1d000-7fd4cad1f000 rw-p 00000000 00:00 0 
7fd4cad1f000-7fd4cad20000 r--p 00000000 103:07 6037320                   /usr/lib/x86_64-linux-gnu/ld-2.33.so
7fd4cad20000-7fd4cad47000 r-xp 00001000 103:07 6037320                   /usr/lib/x86_64-linux-gnu/ld-2.33.so
7fd4cad47000-7fd4cad51000 r--p 00028000 103:07 6037320                   /usr/lib/x86_64-linux-gnu/ld-2.33.so
7fd4cad51000-7fd4cad53000 r--p 00031000 103:07 6037320                   /usr/lib/x86_64-linux-gnu/ld-2.33.so
7fd4cad53000-7fd4cad55000 rw-p 00033000 103:07 6037320                   /usr/lib/x86_64-linux-gnu/ld-2.33.so
7fff4d042000-7fff4d063000 rw-p 00000000 00:00 0                          [stack]
7fff4d187000-7fff4d18b000 r--p 00000000 00:00 0                          [vvar]
7fff4d18b000-7fff4d18d000 r-xp 00000000 00:00 0                          [vdso]
ffffffffff600000-ffffffffff601000 --xp 00000000 00:00 0                  [vsyscall]


VM Arguments:
jvm_args: -Xmx30G -Xms30G 
java_command: sg.edu.nus.comp.nlp.ims.implement.CTester -ptm /home/sakib/Desktop/Research/IMS/lib/tag.bin.gz -tagdict /home/sakib/Desktop/Research/IMS/lib/tagdict.txt -ssm /home/sakib/Desktop/Research/IMS/lib/EnglishSD.bin.gz -prop /home/sakib/Desktop/Research/IMS/lib/prop.xml -r sg.edu.nus.comp.nlp.ims.io.CResultWriter renew_senseval2_data.xml Models/ Models/ SE2/ -f sg.edu.nus.comp.nlp.ims.feature.CFeatureExtractorCombination
java_class_path (initial): /home/sakib/Desktop/Research/IMS/lib/liblinear-1.33-with-deps.jar:/home/sakib/Desktop/Research/IMS/lib/jwnl.jar:/home/sakib/Desktop/Research/IMS/lib/commons-logging.jar:/home/sakib/Desktop/Research/IMS/lib/jdom.jar:/home/sakib/Desktop/Research/IMS/lib/trove.jar:/home/sakib/Desktop/Research/IMS/lib/maxent-2.4.0.jar:/home/sakib/Desktop/Research/IMS/lib/opennlp-tools-1.3.0.jar:/home/sakib/Desktop/Research/IMS/ims.jar
Launcher Type: SUN_STANDARD

[Global flags]
     intx CICompilerCount                          = 12                                        {product} {ergonomic}
     uint ConcGCThreads                            = 3                                         {product} {ergonomic}
     uint G1ConcRefinementThreads                  = 13                                        {product} {ergonomic}
   size_t G1HeapRegionSize                         = 16777216                                  {product} {ergonomic}
    uintx GCDrainStackTargetSize                   = 64                                        {product} {ergonomic}
   size_t InitialHeapSize                          = 32212254720                               {product} {command line}
   size_t MarkStackSize                            = 4194304                                   {product} {ergonomic}
   size_t MaxHeapSize                              = 32212254720                               {product} {command line}
   size_t MinHeapDeltaBytes                        = 16777216                                  {product} {ergonomic}
   size_t MinHeapSize                              = 32212254720                               {product} {command line}
    uintx NonNMethodCodeHeapSize                   = 7602480                                {pd product} {ergonomic}
    uintx NonProfiledCodeHeapSize                  = 122027880                              {pd product} {ergonomic}
    uintx ProfiledCodeHeapSize                     = 122027880                              {pd product} {ergonomic}
    uintx ReservedCodeCacheSize                    = 251658240                              {pd product} {ergonomic}
     bool SegmentedCodeCache                       = true                                      {product} {ergonomic}
   size_t SoftMaxHeapSize                          = 32212254720                            {manageable} {ergonomic}
     bool UseCompressedClassPointers               = true                                 {lp64_product} {ergonomic}
     bool UseCompressedOops                        = true                                 {lp64_product} {ergonomic}
     bool UseG1GC                                  = true                                      {product} {ergonomic}

Logging:
Log output configuration:
 #0: stdout all=warning uptime,level,tags
 #1: stderr all=off uptime,level,tags

Environment Variables:
PATH=/home/sakib/anaconda3/bin:/home/sakib/anaconda3/condabin:/usr/local/sbin:/usr/local/bin:/usr/sbin:/usr/bin:/sbin:/bin:/usr/games:/usr/local/games:/snap/bin:/snap/bin
USERNAME=sakib
SHELL=/bin/bash
DISPLAY=:1
LANG=en_US

Signal Handlers:
SIGSEGV: [libjvm.so+0xaf1060], sa_mask[0]=11111111011111111101111111111110, sa_flags=SA_RESTART|SA_SIGINFO
SIGBUS: [libjvm.so+0xaf1060], sa_mask[0]=11111111011111111101111111111110, sa_flags=SA_RESTART|SA_SIGINFO
SIGFPE: [libjvm.so+0xaf1060], sa_mask[0]=11111111011111111101111111111110, sa_flags=SA_RESTART|SA_SIGINFO
SIGPIPE: [libjvm.so+0x8e8540], sa_mask[0]=11111111011111111101111111111110, sa_flags=SA_RESTART|SA_SIGINFO
SIGXFSZ: [libjvm.so+0x8e8540], sa_mask[0]=11111111011111111101111111111110, sa_flags=SA_RESTART|SA_SIGINFO
SIGILL: [libjvm.so+0xaf1060], sa_mask[0]=11111111011111111101111111111110, sa_flags=SA_RESTART|SA_SIGINFO
SIGUSR2: [libjvm.so+0x8dbff0], sa_mask[0]=00000000000000000000000000000000, sa_flags=SA_RESTART|SA_SIGINFO
SIGHUP: SIG_DFL, sa_mask[0]=00000000000000000000000000000000, sa_flags=none
SIGINT: SIG_DFL, sa_mask[0]=00000000000000000000000000000000, sa_flags=none
SIGTERM: SIG_DFL, sa_mask[0]=00000000000000000000000000000000, sa_flags=none
SIGQUIT: SIG_DFL, sa_mask[0]=00000000000000000000000000000000, sa_flags=none


---------------  S Y S T E M  ---------------

OS:
DISTRIB_ID=Ubuntu
DISTRIB_RELEASE=21.04
DISTRIB_CODENAME=hirsute
DISTRIB_DESCRIPTION="Ubuntu 21.04"
uname: Linux 5.11.0-22-generic #23-Ubuntu SMP Thu Jun 17 00:34:23 UTC 2021 x86_64
OS uptime: 3 days 5:09 hours
libc: glibc 2.33 NPTL 2.33 
rlimit (soft/hard): STACK 8192k/infinity , CORE 0k/infinity , NPROC 61410/61410 , NOFILE 1048576/1048576 , AS infinity/infinity , CPU infinity/infinity , DATA infinity/infinity , FSIZE infinity/infinity , MEMLOCK 1981775k/1981775k
load average: 0.02 0.14 0.20

/proc/meminfo:
MemTotal:       15854204 kB
MemFree:         3372116 kB
MemAvailable:   10048952 kB
Buffers:          531660 kB
Cached:          6085260 kB
SwapCached:            0 kB
Active:          2031480 kB
Inactive:        9333132 kB
Active(anon):      19016 kB
Inactive(anon):  4903808 kB
Active(file):    2012464 kB
Inactive(file):  4429324 kB
Unevictable:           0 kB
Mlocked:               0 kB
SwapTotal:       2097148 kB
SwapFree:        2097148 kB
Dirty:               720 kB
Writeback:             0 kB
AnonPages:       4739624 kB
Mapped:           706400 kB
Shmem:            175136 kB
KReclaimable:     567900 kB
Slab:             753376 kB
SReclaimable:     567900 kB
SUnreclaim:       185476 kB
KernelStack:       18832 kB
PageTables:        41780 kB
NFS_Unstable:          0 kB
Bounce:                0 kB
WritebackTmp:          0 kB
CommitLimit:    10024248 kB
Committed_AS:   10742944 kB
VmallocTotal:   34359738367 kB
VmallocUsed:       90448 kB
VmallocChunk:          0 kB
Percpu:            17216 kB
HardwareCorrupted:     0 kB
AnonHugePages:         0 kB
ShmemHugePages:        0 kB
ShmemPmdMapped:        0 kB
FileHugePages:         0 kB
FilePmdMapped:         0 kB
HugePages_Total:       0
HugePages_Free:        0
HugePages_Rsvd:        0
HugePages_Surp:        0
Hugepagesize:       2048 kB
Hugetlb:               0 kB
DirectMap4k:      637632 kB
DirectMap2M:    13436928 kB
DirectMap1G:     2097152 kB

/sys/kernel/mm/transparent_hugepage/enabled: always [madvise] never
/sys/kernel/mm/transparent_hugepage/defrag (defrag/compaction efforts parameter): always defer defer+madvise [madvise] never

/proc/sys/kernel/threads-max (system-wide limit on the number of threads): 122821
/proc/sys/vm/max_map_count (maximum number of memory map areas a process may have): 65530
/proc/sys/kernel/pid_max (system-wide limit on number of process identifiers): 4194304

container (cgroup) information:
container_type: cgroupv1
cpu_cpuset_cpus: 0-15
cpu_memory_nodes: 0
active_processor_count: 16
cpu_quota: no quota
cpu_period: 100000
cpu_shares: no shares
memory_limit_in_bytes: unlimited
memory_and_swap_limit_in_bytes: unlimited
memory_soft_limit_in_bytes: unlimited
memory_usage_in_bytes: 9362436096
memory_max_usage_in_bytes: 9730949120

Steal ticks since vm start: 0
Steal ticks percentage since vm start:  0.000

CPU: total 16 (initial active 16) (16 cores per cpu, 2 threads per core) family 25 model 80 stepping 0 microcode 0xa50000b, cmov, cx8, fxsr, mmx, sse, sse2, sse3, ssse3, sse4.1, sse4.2, popcnt, vzeroupper, avx, avx2, aes, clmul, erms, 3dnowpref, lzcnt, sse4a, ht, tsc, tscinvbit, tscinv, bmi1, bmi2, adx, sha, fma, clflush, clflushopt
CPU Model and flags from /proc/cpuinfo:
model name	: AMD Ryzen 7 5800H with Radeon Graphics
flags		: fpu vme de pse tsc msr pae mce cx8 apic sep mtrr pge mca cmov pat pse36 clflush mmx fxsr sse sse2 ht syscall nx mmxext fxsr_opt pdpe1gb rdtscp lm constant_tsc rep_good nopl nonstop_tsc cpuid extd_apicid aperfmperf pni pclmulqdq monitor ssse3 fma cx16 sse4_1 sse4_2 movbe popcnt aes xsave avx f16c rdrand lahf_lm cmp_legacy svm extapic cr8_legacy abm sse4a misalignsse 3dnowprefetch osvw ibs skinit wdt tce topoext perfctr_core perfctr_nb bpext perfctr_llc mwaitx cpb cat_l3 cdp_l3 hw_pstate ssbd mba ibrs ibpb stibp vmmcall fsgsbase bmi1 avx2 smep bmi2 erms invpcid cqm rdt_a rdseed adx smap clflushopt clwb sha_ni xsaveopt xsavec xgetbv1 xsaves cqm_llc cqm_occup_llc cqm_mbm_total cqm_mbm_local clzero irperf xsaveerptr rdpru wbnoinvd arat npt lbrv svm_lock nrip_save tsc_scale vmcb_clean flushbyasid decodeassists pausefilter pfthreshold avic v_vmsave_vmload vgif umip pku ospke vaes vpclmulqdq rdpid overflow_recov succor smca fsrm

Online cpus: 0-15
Offline cpus: 
BIOS frequency limitation: 3200000
Frequency switch latency (ns): 0
Available cpu frequencies: 3200000 1300000 1200000 
Current governor: schedutil
Core performance/turbo boost: 1

Memory: 4k page, physical 15854204k(3372116k free), swap 2097148k(2097148k free)

vm_info: OpenJDK 64-Bit Server VM (15.0.3+3-Ubuntu-1) for linux-amd64 JRE (15.0.3+3-Ubuntu-1), built on Apr 20 2021 19:21:37 by "unknown" with gcc 10.3.0

END.
